<?xml version="1.0" encoding="UTF-8"?>
<!-- Generated by org.testng.reporters.JUnitReportReporter -->
<testsuite hostname="LAPTOP-SJO5CKK2" failures="0" tests="7" name="com.buffaloCart.testCases.EventTestCase" time="12.476" errors="0" timestamp="2022-01-25T07:35:49 IST" skipped="0">
  <testcase classname="com.buffaloCart.testCases.EventTestCase" name="eventWeekViewTestCase" time="0.113"/>
  <system-out/>
  <testcase classname="com.buffaloCart.testCases.EventTestCase" name="navigateEventBackwardTestCase" time="0.111"/>
  <system-out/>
  <testcase classname="com.buffaloCart.testCases.EventTestCase" name="eventListViewTestCase" time="0.119"/>
  <system-out/>
  <testcase classname="com.buffaloCart.testCases.EventTestCase" name="eventDayViewTestCase" time="0.188"/>
  <system-out/>
  <testcase classname="com.buffaloCart.testCases.EventTestCase" name="eventMonthViewTestCase" time="0.148"/>
  <system-out/>
  <testcase classname="com.buffaloCart.testCases.EventTestCase" name="navigateEventForwardTestCase" time="0.132"/>
  <system-out/>
  <testcase classname="com.buffaloCart.testCases.EventTestCase" name="addEventTestCase" time="11.665"/>
  <system-out/>
</testsuite> <!-- com.buffaloCart.testCases.EventTestCase -->
