<?xml version="1.0" encoding="UTF-8"?>
<!-- Generated by org.testng.reporters.JUnitReportReporter -->
<testsuite hostname="LAPTOP-SJO5CKK2" failures="0" tests="2" name="com.buffaloCart.testCases.LogOutTestCase" time="2.963" errors="0" timestamp="2022-01-25T07:35:49 IST" skipped="0">
  <testcase classname="com.buffaloCart.testCases.LogOutTestCase" name="clockOutTestCase" time="1.679"/>
  <system-out/>
  <testcase classname="com.buffaloCart.testCases.LogOutTestCase" name="logOutTestCase" time="1.284"/>
  <system-out/>
</testsuite> <!-- com.buffaloCart.testCases.LogOutTestCase -->
