<?xml version="1.0" encoding="UTF-8"?>
<!-- Generated by org.testng.reporters.JUnitReportReporter -->
<testsuite hostname="LAPTOP-SJO5CKK2" failures="0" tests="4" name="com.buffaloCart.testCases.DashboardTestCase" time="18.911" errors="0" timestamp="2022-01-25T07:35:49 IST" skipped="0">
  <testcase classname="com.buffaloCart.testCases.DashboardTestCase" name="clockINTestCase" time="4.612"/>
  <system-out/>
  <testcase classname="com.buffaloCart.testCases.DashboardTestCase" name="openEventTestCase" time="3.511"/>
  <system-out/>
  <testcase classname="com.buffaloCart.testCases.DashboardTestCase" name="openTeamsTimelineTestCase" time="5.102"/>
  <system-out/>
  <testcase classname="com.buffaloCart.testCases.DashboardTestCase" name="openTasksTestCase" time="5.686"/>
  <system-out/>
</testsuite> <!-- com.buffaloCart.testCases.DashboardTestCase -->
