<?xml version="1.0" encoding="UTF-8"?>
<!-- Generated by org.testng.reporters.JUnitReportReporter -->
<testsuite hostname="LAPTOP-SJO5CKK2" failures="0" tests="1" name="com.buffaloCart.testCases.ForgotPasswordTestCase" time="1.174" errors="0" timestamp="2022-01-25T07:35:49 IST" skipped="0">
  <testcase classname="com.buffaloCart.testCases.ForgotPasswordTestCase" name="forgotPasswordTestCase" time="1.174"/>
  <system-out/>
</testsuite> <!-- com.buffaloCart.testCases.ForgotPasswordTestCase -->
