<?xml version="1.0" encoding="UTF-8"?>
<!-- Generated by org.testng.reporters.JUnitReportReporter -->
<testsuite hostname="LAPTOP-SJO5CKK2" failures="0" tests="1" name="com.buffaloCart.testCases.LoginInTestCase" time="4.595" errors="0" timestamp="2022-01-21T05:56:44 IST" skipped="0">
  <testcase classname="com.buffaloCart.testCases.LoginInTestCase" name="logInTestCase" time="4.595"/>
  <system-out/>
</testsuite> <!-- com.buffaloCart.testCases.LoginInTestCase -->
