<?xml version="1.0" encoding="UTF-8"?>
<!-- Generated by org.testng.reporters.JUnitReportReporter -->
<testsuite hostname="LAPTOP-SJO5CKK2" failures="0" tests="7" name="com.buffaloCart.testCases.EventTestCase" time="11.730" errors="0" timestamp="2022-01-23T20:37:10 IST" skipped="0">
  <testcase classname="com.buffaloCart.testCases.EventTestCase" name="navigateEventBackwardTestCase" time="0.075"/>
  <system-out/>
  <testcase classname="com.buffaloCart.testCases.EventTestCase" name="eventWeekViewTestCase" time="0.081"/>
  <system-out/>
  <testcase classname="com.buffaloCart.testCases.EventTestCase" name="addEventTestCase" time="11.252"/>
  <system-out/>
  <testcase classname="com.buffaloCart.testCases.EventTestCase" name="eventListViewTestCase" time="0.062"/>
  <system-out/>
  <testcase classname="com.buffaloCart.testCases.EventTestCase" name="eventMonthViewTestCase" time="0.118"/>
  <system-out/>
  <testcase classname="com.buffaloCart.testCases.EventTestCase" name="navigateEventForwardTestCase" time="0.093"/>
  <system-out/>
  <testcase classname="com.buffaloCart.testCases.EventTestCase" name="eventDayViewTestCase" time="0.049"/>
  <system-out/>
</testsuite> <!-- com.buffaloCart.testCases.EventTestCase -->
