<?xml version="1.0" encoding="UTF-8"?>
<!-- Generated by org.testng.reporters.JUnitReportReporter -->
<testsuite hostname="LAPTOP-SJO5CKK2" failures="0" tests="4" name="com.buffaloCart.testCases.ClientsTestCase" time="14.794" errors="0" timestamp="2022-01-25T07:35:49 IST" skipped="0">
  <testcase classname="com.buffaloCart.testCases.ClientsTestCase" name="goToContactsTestCase" time="2.194"/>
  <system-out/>
  <testcase classname="com.buffaloCart.testCases.ClientsTestCase" name="downloadExcelContractsTestCase" time="1.234"/>
  <system-out/>
  <testcase classname="com.buffaloCart.testCases.ClientsTestCase" name="addClientAndContacts" time="6.041"/>
  <system-out/>
  <testcase classname="com.buffaloCart.testCases.ClientsTestCase" name="goToClientTestCase" time="5.325"/>
  <system-out/>
</testsuite> <!-- com.buffaloCart.testCases.ClientsTestCase -->
