<?xml version="1.0" encoding="UTF-8"?>
<!-- Generated by org.testng.reporters.JUnitReportReporter -->
<testsuite hostname="LAPTOP-SJO5CKK2" failures="0" tests="1" name="com.buffaloCartCRM.testCases.LogInPageTestCase" time="4.253" errors="0" timestamp="2022-03-14T20:17:37 IST" skipped="0">
  <testcase classname="com.buffaloCartCRM.testCases.LogInPageTestCase" name="logInTestCase" time="4.253"/>
  <system-out/>
</testsuite> <!-- com.buffaloCartCRM.testCases.LogInPageTestCase -->
