<?xml version="1.0" encoding="UTF-8"?>
<!-- Generated by org.testng.reporters.JUnitReportReporter -->
<testsuite hostname="LAPTOP-SJO5CKK2" failures="0" tests="4" name="com.buffaloCartCRM.testCases.DashboardTestCase" time="7.516" errors="0" timestamp="2022-03-13T11:32:43 IST" skipped="0">
  <testcase classname="com.buffaloCartCRM.testCases.DashboardTestCase" name="dashboardClockInTestCase" time="0.960"/>
  <system-out/>
  <testcase classname="com.buffaloCartCRM.testCases.DashboardTestCase" name="dashboardOpenEventTestCase" time="2.336"/>
  <system-out/>
  <testcase classname="com.buffaloCartCRM.testCases.DashboardTestCase" name="dashboardOpenTasksTestCase" time="2.478"/>
  <system-out/>
  <testcase classname="com.buffaloCartCRM.testCases.DashboardTestCase" name="dashboardOpenTeamsTimelineTestCase" time="1.742"/>
  <system-out/>
</testsuite> <!-- com.buffaloCartCRM.testCases.DashboardTestCase -->
