<?xml version="1.0" encoding="UTF-8"?>
<!-- Generated by org.testng.reporters.JUnitReportReporter -->
<testsuite hostname="LAPTOP-SJO5CKK2" failures="0" tests="3" name="com.buffaloCartCRM.testCases.TasksPageTestCase" time="24.271" errors="0" timestamp="2022-03-14T20:17:37 IST" skipped="0">
  <testcase classname="com.buffaloCartCRM.testCases.TasksPageTestCase" name="addTasksTestCase" time="22.079"/>
  <system-out/>
  <testcase classname="com.buffaloCartCRM.testCases.TasksPageTestCase" name="filteringTasksDateTestCase" time="0.099"/>
  <system-out/>
  <testcase classname="com.buffaloCartCRM.testCases.TasksPageTestCase" name="filteringTasksStatusTestCase" time="2.093"/>
  <system-out/>
</testsuite> <!-- com.buffaloCartCRM.testCases.TasksPageTestCase -->
